/Sources/yocto_datalogger.h (modif:Tue Jan 15 15:40:25 2013 size:25776)
/Sources/yocto_humidity.h (modif:Mon Mar 11 15:47:01 2013 size:16243)
/Sources/yocto_led.cpp (modif:Tue Jan 15 15:40:24 2013 size:9062)
/Sources/yocto_carbondioxide.h (modif:Mon Mar 11 15:47:02 2013 size:16437)
/Sources/yocto_carbondioxide.cpp (modif:Mon Mar 11 15:47:02 2013 size:13968)
/Sources/yocto_dualpower.cpp (modif:Tue Jan 15 15:40:25 2013 size:9022)
/Sources/yocto_temperature.h (modif:Mon Mar 11 15:47:02 2013 size:18994)
/Sources/winresource64.rc (modif:Tue Jan 15 15:40:25 2013 size:1267)
/Sources/yocto_api.h (modif:Wed Mar 27 16:05:41 2013 size:62120)
/Sources/yocto_hubport.h (modif:Wed Feb 20 10:40:52 2013 size:12613)
/Sources/yocto_display.h (modif:Wed Mar 27 08:50:56 2013 size:45422)
/Sources/yocto_voltage.cpp (modif:Mon Mar 11 15:47:02 2013 size:13605)
/Sources/yocto_lightsensor.cpp (modif:Mon Mar 11 15:47:01 2013 size:14709)
/Sources/yocto_network.h (modif:Wed Feb 20 10:40:52 2013 size:32733)
/Sources/yocto_servo.h (modif:Wed Feb 20 10:40:52 2013 size:14132)
/Sources/yocto_voltage.h (modif:Mon Mar 11 15:47:02 2013 size:16149)
/Sources/yocto_temperature.cpp (modif:Mon Mar 11 15:47:01 2013 size:15488)
/Sources/yocto_watchdog.h (modif:Wed Feb 20 10:40:52 2013 size:21287)
/Sources/yocto_vsource.cpp (modif:Mon Mar 11 18:40:49 2013 size:15857)
/Sources/yocto_power.h (modif:Mon Mar 11 15:47:01 2013 size:18434)
/Sources/yocto_files.cpp (modif:Thu Mar 28 11:29:31 2013 size:12232)
/Sources/yocto_servo.cpp (modif:Tue Jan 15 15:40:24 2013 size:11486)
/Sources/yocto_anbutton.h (modif:Tue Feb 19 21:31:56 2013 size:21433)
/Sources/yocto_files.h (modif:Thu Mar 21 13:19:50 2013 size:14352)
/Sources/yocto_pressure.cpp (modif:Mon Mar 11 15:47:02 2013 size:13679)
/Sources/yocto_relay.h (modif:Wed Feb 20 10:40:52 2013 size:15803)
/Sources/winresource.rc (modif:Tue Jan 15 15:40:25 2013 size:1247)
/Sources/yocto_voc.h (modif:Mon Mar 11 15:47:01 2013 size:16379)
/Sources/yocto_lightsensor.h (modif:Mon Mar 11 15:47:02 2013 size:17030)
/Sources/yocto_power.cpp (modif:Mon Mar 11 15:47:02 2013 size:15976)
/Sources/yocto_colorled.h (modif:Wed Feb 20 10:40:52 2013 size:15366)
/Sources/yocto_relay.cpp (modif:Tue Jan 15 15:40:25 2013 size:12530)
/Sources/yocto_current.cpp (modif:Mon Mar 11 15:47:02 2013 size:13590)
/Sources/yocto_datalogger.cpp (modif:Tue Jan 15 15:40:25 2013 size:30142)
/Sources/yocto_dualpower.h (modif:Wed Feb 20 10:40:52 2013 size:13713)
/Sources/yocto_watchdog.cpp (modif:Tue Jan 15 15:40:25 2013 size:17807)
/Sources/yocto_wireless.h (modif:Wed Feb 20 10:40:52 2013 size:15036)
/Sources/yocto_api.cpp (modif:Wed Mar 27 16:05:41 2013 size:75492)
/Sources/yocto_current.h (modif:Mon Mar 11 15:47:01 2013 size:16149)
/Sources/yocto_vsource.h (modif:Mon Mar 11 18:40:49 2013 size:19058)
/Sources/yocto_pressure.h (modif:Mon Mar 11 15:47:02 2013 size:16243)
/Sources/yocto_led.h (modif:Wed Feb 20 10:40:52 2013 size:13104)
/Sources/yocto_wireless.cpp (modif:Tue Jan 15 15:40:24 2013 size:11383)
/Sources/yocto_hubport.cpp (modif:Tue Jan 15 15:40:25 2013 size:8668)
/Sources/yocto_display.cpp (modif:Wed Mar 27 08:50:56 2013 size:40485)
/Sources/yocto_voc.cpp (modif:Mon Mar 11 15:47:02 2013 size:13459)
/Sources/yocto_humidity.cpp (modif:Mon Mar 11 15:47:02 2013 size:13679)
/Sources/yapi/yproto.h (modif:Thu Mar 21 15:49:51 2013 size:25500)
/Sources/yapi/ytcp.c (modif:Fri Mar 15 07:31:17 2013 size:23443)
/Sources/yapi/ytcp.h (modif:Fri Mar 15 07:31:17 2013 size:4152)
/Sources/yapi/ymemory.h (modif:Fri Feb  8 17:05:49 2013 size:2242)
/Sources/yapi/winresource64.rc (modif:Tue Jan 15 15:40:24 2013 size:1250)
/Sources/yapi/yjson.h (modif:Tue Jan 15 15:40:24 2013 size:4828)
/Sources/yapi/ystream.c (modif:Mon Mar 25 10:35:41 2013 size:68169)
/Sources/yapi/yapi.h (modif:Fri Mar 22 16:00:37 2013 size:33339)
/Sources/yapi/yhash.c (modif:Mon Mar 25 10:35:41 2013 size:45665)
/Sources/yapi/yfifo.h (modif:Fri Feb  8 17:05:49 2013 size:4832)
/Sources/yapi/ykey.c (modif:Tue Jan 15 15:40:24 2013 size:19192)
/Sources/yapi/ythread.c (modif:Mon Mar 25 12:45:47 2013 size:14040)
/Sources/yapi/yprog.h (modif:Fri Feb  1 13:14:58 2013 size:5945)
/Sources/yapi/winresource.rc (modif:Tue Jan 15 15:40:24 2013 size:1230)
/Sources/yapi/ythread.h (modif:Fri Feb  8 17:05:49 2013 size:3379)
/Sources/yapi/ydef.h (modif:Mon Mar 25 12:45:47 2013 size:19545)
/Sources/yapi/ykey.h (modif:Tue Jan 15 15:40:24 2013 size:3494)
/Sources/yapi/yprog.c (modif:Fri Mar  8 09:48:26 2013 size:31845)
/Sources/yapi/ypkt_osx.c (modif:Fri Mar  1 17:54:25 2013 size:17247)
/Sources/yapi/yhash.h (modif:Tue Jan 15 15:40:24 2013 size:7800)
/Sources/yapi/ypkt_win.c (modif:Mon Mar 11 15:47:01 2013 size:19874)
/Sources/yapi/ymemory.c (modif:Mon Feb 25 09:36:47 2013 size:7346)
/Sources/yapi/yjson.c (modif:Tue Jan 15 15:40:24 2013 size:13579)
/Sources/yapi/yversion.h (modif:Tue Apr  2 12:37:18 2013 size:286)
/Sources/yapi/ypkt_lin.c (modif:Tue Jan 15 15:40:24 2013 size:18758)
/Sources/yapi/yfifo.c (modif:Fri Mar 15 07:31:17 2013 size:10452)
/Sources/yapi/yapi.c (modif:Mon Mar 25 12:45:47 2013 size:72866)
/Sources/yocto_colorled.cpp (modif:Tue Jan 15 15:40:25 2013 size:13452)
/Sources/yocto_network.cpp (modif:Tue Feb 19 21:31:56 2013 size:28121)
/Sources/yocto_anbutton.cpp (modif:Tue Jan 15 15:40:24 2013 size:17029)
/Examples/Doc-GettingStarted-Yocto-Light/make.bat (modif:Thu Feb 21 13:56:52 2013 size:80)
/Examples/Doc-GettingStarted-Yocto-Light/makefile (modif:Tue Jan 15 15:40:39 2013 size:2485)
/Examples/Doc-GettingStarted-Yocto-Light/Xcode/project.xcodeproj/project.pbxproj (modif:Thu Mar 28 09:51:31 2013 size:33265)
/Examples/Doc-GettingStarted-Yocto-Light/Xcode/project.xcodeproj/project.xcworkspace/contents.xcworkspacedata (modif:Tue Jan 15 15:40:38 2013 size:152)
/Examples/Doc-GettingStarted-Yocto-Light/Binary_OSX/demo (modif:Tue Apr  2 12:37:52 2013 size:738520)
/Examples/Doc-GettingStarted-Yocto-Light/VisualStudio/VisualStudio.vcxproj (modif:Thu Mar 28 09:51:31 2013 size:8480)
/Examples/Doc-GettingStarted-Yocto-Light/Binary_Windows/demo.exe (modif:Tue Apr  2 12:40:36 2013 size:363008)
/Examples/Doc-GettingStarted-Yocto-Light/GNUmakefile (modif:Tue Jan 15 15:40:39 2013 size:4812)
/Examples/Doc-GettingStarted-Yocto-Light/README.txt (modif:Tue Jan 15 15:40:39 2013 size:5159)
/Examples/Doc-GettingStarted-Yocto-Light/Binary_Linux/armel/demo (modif:Tue Apr  2 12:42:04 2013 size:1020959)
/Examples/Doc-GettingStarted-Yocto-Light/Binary_Linux/armhf/demo (modif:Tue Apr  2 12:46:28 2013 size:935353)
/Examples/Doc-GettingStarted-Yocto-Light/Binary_Linux/32bits/demo (modif:Tue Apr  2 12:39:00 2013 size:955427)
/Examples/Doc-GettingStarted-Yocto-Light/Binary_Linux/64bits/demo (modif:Tue Apr  2 12:39:00 2013 size:1060480)
/Examples/Doc-GettingStarted-Yocto-Light/CodeBlocks/CodeBlocks_linux.cbp (modif:Thu Mar 28 09:51:31 2013 size:9584)
/Examples/Doc-GettingStarted-Yocto-Light/CodeBlocks/CodeBlocks_win.cbp (modif:Thu Mar 28 09:51:31 2013 size:9596)
/Examples/Doc-GettingStarted-Yocto-Light/main.cpp (modif:Tue Jan 15 15:40:39 2013 size:1459)
/Examples/Doc-GettingStarted-Yocto-Color/make.bat (modif:Thu Feb 21 13:56:52 2013 size:80)
/Examples/Doc-GettingStarted-Yocto-Color/makefile (modif:Tue Jan 15 15:40:42 2013 size:2485)
/Examples/Doc-GettingStarted-Yocto-Color/Xcode/project.xcodeproj/project.pbxproj (modif:Thu Mar 28 09:51:30 2013 size:33265)
/Examples/Doc-GettingStarted-Yocto-Color/Xcode/project.xcodeproj/project.xcworkspace/contents.xcworkspacedata (modif:Tue Jan 15 15:40:42 2013 size:152)
/Examples/Doc-GettingStarted-Yocto-Color/Binary_OSX/demo (modif:Tue Apr  2 12:38:11 2013 size:735552)
/Examples/Doc-GettingStarted-Yocto-Color/VisualStudio/VisualStudio.vcxproj (modif:Thu Mar 28 09:51:30 2013 size:8480)
/Examples/Doc-GettingStarted-Yocto-Color/Binary_Windows/demo.exe (modif:Tue Apr  2 12:42:05 2013 size:349696)
/Examples/Doc-GettingStarted-Yocto-Color/GNUmakefile (modif:Tue Jan 15 15:40:42 2013 size:4812)
/Examples/Doc-GettingStarted-Yocto-Color/README.txt (modif:Tue Jan 15 15:40:42 2013 size:5159)
/Examples/Doc-GettingStarted-Yocto-Color/Binary_Linux/armel/demo (modif:Tue Apr  2 12:42:09 2013 size:1011472)
/Examples/Doc-GettingStarted-Yocto-Color/Binary_Linux/armhf/demo (modif:Tue Apr  2 12:46:36 2013 size:929404)
/Examples/Doc-GettingStarted-Yocto-Color/Binary_Linux/32bits/demo (modif:Tue Apr  2 12:39:01 2013 size:949318)
/Examples/Doc-GettingStarted-Yocto-Color/Binary_Linux/64bits/demo (modif:Tue Apr  2 12:39:03 2013 size:1054007)
/Examples/Doc-GettingStarted-Yocto-Color/CodeBlocks/CodeBlocks_linux.cbp (modif:Thu Mar 28 09:51:30 2013 size:9584)
/Examples/Doc-GettingStarted-Yocto-Color/CodeBlocks/CodeBlocks_win.cbp (modif:Thu Mar 28 09:51:30 2013 size:9596)
/Examples/Doc-GettingStarted-Yocto-Color/main.cpp (modif:Tue Jan 15 15:40:42 2013 size:2019)
/Examples/Doc-GettingStarted-Yocto-Meteo/make.bat (modif:Thu Feb 21 13:39:45 2013 size:80)
/Examples/Doc-GettingStarted-Yocto-Meteo/makefile (modif:Tue Jan 15 15:40:40 2013 size:2485)
/Examples/Doc-GettingStarted-Yocto-Meteo/Xcode/project.xcodeproj/project.pbxproj (modif:Thu Mar 28 09:51:30 2013 size:33265)
/Examples/Doc-GettingStarted-Yocto-Meteo/Xcode/project.xcodeproj/project.xcworkspace/contents.xcworkspacedata (modif:Tue Jan 15 15:40:39 2013 size:152)
/Examples/Doc-GettingStarted-Yocto-Meteo/Binary_OSX/demo (modif:Tue Apr  2 12:38:27 2013 size:871720)
/Examples/Doc-GettingStarted-Yocto-Meteo/VisualStudio/VisualStudio.vcxproj (modif:Thu Mar 28 09:51:30 2013 size:8480)
/Examples/Doc-GettingStarted-Yocto-Meteo/Binary_Windows/demo.exe (modif:Tue Apr  2 12:43:35 2013 size:379904)
/Examples/Doc-GettingStarted-Yocto-Meteo/GNUmakefile (modif:Tue Jan 15 15:40:40 2013 size:4812)
/Examples/Doc-GettingStarted-Yocto-Meteo/README.txt (modif:Tue Jan 15 15:40:40 2013 size:5159)
/Examples/Doc-GettingStarted-Yocto-Meteo/Binary_Linux/armel/demo (modif:Tue Apr  2 12:42:14 2013 size:1299307)
/Examples/Doc-GettingStarted-Yocto-Meteo/Binary_Linux/armhf/demo (modif:Tue Apr  2 12:46:46 2013 size:1141687)
/Examples/Doc-GettingStarted-Yocto-Meteo/Binary_Linux/32bits/demo (modif:Tue Apr  2 12:39:04 2013 size:1176209)
/Examples/Doc-GettingStarted-Yocto-Meteo/Binary_Linux/64bits/demo (modif:Tue Apr  2 12:39:05 2013 size:1300938)
/Examples/Doc-GettingStarted-Yocto-Meteo/CodeBlocks/CodeBlocks_linux.cbp (modif:Thu Mar 28 09:51:30 2013 size:9584)
/Examples/Doc-GettingStarted-Yocto-Meteo/CodeBlocks/CodeBlocks_win.cbp (modif:Thu Mar 28 09:51:30 2013 size:9596)
/Examples/Doc-GettingStarted-Yocto-Meteo/main.cpp (modif:Tue Jan 15 15:40:40 2013 size:1956)
/Examples/Prog-Display-Sequence/make.bat (modif:Sun Mar 17 23:15:52 2013 size:80)
/Examples/Prog-Display-Sequence/makefile (modif:Sun Mar 17 23:15:52 2013 size:2485)
/Examples/Prog-Display-Sequence/Xcode/project.xcodeproj/project.pbxproj (modif:Thu Mar 28 09:51:30 2013 size:33265)
/Examples/Prog-Display-Sequence/Xcode/project.xcodeproj/project.xcworkspace/contents.xcworkspacedata (modif:Sun Mar 17 23:15:52 2013 size:152)
/Examples/Prog-Display-Sequence/Binary_OSX/demo (modif:Tue Apr  2 12:38:42 2013 size:792792)
/Examples/Prog-Display-Sequence/VisualStudio/VisualStudio.vcxproj (modif:Thu Mar 28 09:51:30 2013 size:8480)
/Examples/Prog-Display-Sequence/Binary_Windows/demo.exe (modif:Tue Apr  2 12:45:02 2013 size:356864)
/Examples/Prog-Display-Sequence/GNUmakefile (modif:Sun Mar 17 23:15:52 2013 size:4812)
/Examples/Prog-Display-Sequence/README.txt (modif:Sun Mar 17 23:15:52 2013 size:5159)
/Examples/Prog-Display-Sequence/Binary_Linux/armel/demo (modif:Tue Apr  2 12:42:19 2013 size:1085252)
/Examples/Prog-Display-Sequence/Binary_Linux/armhf/demo (modif:Tue Apr  2 12:46:55 2013 size:1005449)
/Examples/Prog-Display-Sequence/Binary_Linux/32bits/demo (modif:Tue Apr  2 12:39:07 2013 size:1025714)
/Examples/Prog-Display-Sequence/Binary_Linux/64bits/demo (modif:Tue Apr  2 12:39:08 2013 size:1138765)
/Examples/Prog-Display-Sequence/CodeBlocks/CodeBlocks_linux.cbp (modif:Thu Mar 28 09:51:30 2013 size:9584)
/Examples/Prog-Display-Sequence/CodeBlocks/CodeBlocks_win.cbp (modif:Thu Mar 28 09:51:30 2013 size:9596)
/Examples/Prog-Display-Sequence/main.cpp (modif:Mon Mar 25 12:45:48 2013 size:2486)
/Examples/Prog-DataLogger/make.bat (modif:Thu Feb 21 13:56:53 2013 size:80)
/Examples/Prog-DataLogger/makefile (modif:Tue Jan 15 15:40:49 2013 size:2485)
/Examples/Prog-DataLogger/Xcode/project.xcodeproj/project.pbxproj (modif:Thu Mar 28 09:51:31 2013 size:33265)
/Examples/Prog-DataLogger/Xcode/project.xcodeproj/project.xcworkspace/contents.xcworkspacedata (modif:Tue Jan 15 15:40:48 2013 size:152)
/Examples/Prog-DataLogger/Binary_OSX/demo (modif:Tue Apr  2 12:38:59 2013 size:941548)
/Examples/Prog-DataLogger/VisualStudio/VisualStudio.vcxproj (modif:Thu Mar 28 09:51:31 2013 size:8480)
/Examples/Prog-DataLogger/Binary_Windows/demo.exe (modif:Tue Apr  2 12:46:24 2013 size:392192)
/Examples/Prog-DataLogger/GNUmakefile (modif:Tue Jan 15 15:40:48 2013 size:4812)
/Examples/Prog-DataLogger/README.txt (modif:Tue Jan 15 15:40:48 2013 size:5159)
/Examples/Prog-DataLogger/Binary_Linux/armel/demo (modif:Tue Apr  2 12:42:26 2013 size:1427350)
/Examples/Prog-DataLogger/Binary_Linux/armhf/demo (modif:Tue Apr  2 12:47:09 2013 size:1294262)
/Examples/Prog-DataLogger/Binary_Linux/32bits/demo (modif:Tue Apr  2 12:39:10 2013 size:1339991)
/Examples/Prog-DataLogger/Binary_Linux/64bits/demo (modif:Tue Apr  2 12:39:11 2013 size:1500233)
/Examples/Prog-DataLogger/CodeBlocks/CodeBlocks_linux.cbp (modif:Thu Mar 28 09:51:31 2013 size:9584)
/Examples/Prog-DataLogger/CodeBlocks/CodeBlocks_win.cbp (modif:Thu Mar 28 09:51:31 2013 size:9596)
/Examples/Prog-DataLogger/main.cpp (modif:Tue Jan 15 15:40:48 2013 size:2404)
/Examples/Doc-GettingStarted-Yocto-Amp/make.bat (modif:Thu Feb 21 13:56:52 2013 size:80)
/Examples/Doc-GettingStarted-Yocto-Amp/makefile (modif:Tue Jan 15 15:40:42 2013 size:2485)
/Examples/Doc-GettingStarted-Yocto-Amp/Xcode/project.xcodeproj/project.pbxproj (modif:Thu Mar 28 09:51:30 2013 size:33265)
/Examples/Doc-GettingStarted-Yocto-Amp/Xcode/project.xcodeproj/project.xcworkspace/contents.xcworkspacedata (modif:Tue Jan 15 15:40:41 2013 size:152)
/Examples/Doc-GettingStarted-Yocto-Amp/Binary_OSX/demo (modif:Tue Apr  2 12:39:17 2013 size:732240)
/Examples/Doc-GettingStarted-Yocto-Amp/VisualStudio/VisualStudio.vcxproj (modif:Thu Mar 28 09:51:30 2013 size:8480)
/Examples/Doc-GettingStarted-Yocto-Amp/Binary_Windows/demo.exe (modif:Tue Apr  2 12:47:22 2013 size:363008)
/Examples/Doc-GettingStarted-Yocto-Amp/GNUmakefile (modif:Tue Jan 15 15:40:42 2013 size:4812)
/Examples/Doc-GettingStarted-Yocto-Amp/README.txt (modif:Tue Jan 15 15:40:42 2013 size:5159)
/Examples/Doc-GettingStarted-Yocto-Amp/Binary_Linux/armel/demo (modif:Tue Apr  2 12:42:30 2013 size:1017707)
/Examples/Doc-GettingStarted-Yocto-Amp/Binary_Linux/armhf/demo (modif:Tue Apr  2 12:47:18 2013 size:932641)
/Examples/Doc-GettingStarted-Yocto-Amp/Binary_Linux/32bits/demo (modif:Tue Apr  2 12:39:12 2013 size:952085)
/Examples/Doc-GettingStarted-Yocto-Amp/Binary_Linux/64bits/demo (modif:Tue Apr  2 12:39:12 2013 size:1056958)
/Examples/Doc-GettingStarted-Yocto-Amp/CodeBlocks/CodeBlocks_linux.cbp (modif:Thu Mar 28 09:51:30 2013 size:9584)
/Examples/Doc-GettingStarted-Yocto-Amp/CodeBlocks/CodeBlocks_win.cbp (modif:Thu Mar 28 09:51:30 2013 size:9596)
/Examples/Doc-GettingStarted-Yocto-Amp/main.cpp (modif:Tue Jan 15 15:40:42 2013 size:1862)
/Examples/Doc-GettingStarted-Yocto-MaxiDisplay/make.bat (modif:Thu Feb 21 13:56:52 2013 size:80)
/Examples/Doc-GettingStarted-Yocto-MaxiDisplay/makefile (modif:Tue Feb 19 21:31:56 2013 size:2485)
/Examples/Doc-GettingStarted-Yocto-MaxiDisplay/Xcode/project.xcodeproj/project.pbxproj (modif:Thu Mar 28 09:51:31 2013 size:33265)
/Examples/Doc-GettingStarted-Yocto-MaxiDisplay/Xcode/project.xcodeproj/project.xcworkspace/contents.xcworkspacedata (modif:Tue Feb 19 21:31:56 2013 size:152)
/Examples/Doc-GettingStarted-Yocto-MaxiDisplay/Binary_OSX/demo (modif:Tue Apr  2 12:39:33 2013 size:793024)
/Examples/Doc-GettingStarted-Yocto-MaxiDisplay/VisualStudio/VisualStudio.vcxproj (modif:Thu Mar 28 09:51:31 2013 size:8480)
/Examples/Doc-GettingStarted-Yocto-MaxiDisplay/Binary_Windows/demo.exe (modif:Tue Apr  2 12:48:26 2013 size:356352)
/Examples/Doc-GettingStarted-Yocto-MaxiDisplay/GNUmakefile (modif:Tue Feb 19 21:31:56 2013 size:4812)
/Examples/Doc-GettingStarted-Yocto-MaxiDisplay/README.txt (modif:Tue Feb 19 21:31:56 2013 size:5159)
/Examples/Doc-GettingStarted-Yocto-MaxiDisplay/Binary_Linux/armel/demo (modif:Tue Apr  2 12:42:36 2013 size:1085183)
/Examples/Doc-GettingStarted-Yocto-MaxiDisplay/Binary_Linux/armhf/demo (modif:Tue Apr  2 12:47:27 2013 size:1005308)
/Examples/Doc-GettingStarted-Yocto-MaxiDisplay/Binary_Linux/32bits/demo (modif:Tue Apr  2 12:39:13 2013 size:1025614)
/Examples/Doc-GettingStarted-Yocto-MaxiDisplay/Binary_Linux/64bits/demo (modif:Tue Apr  2 12:39:14 2013 size:1138645)
/Examples/Doc-GettingStarted-Yocto-MaxiDisplay/CodeBlocks/CodeBlocks_linux.cbp (modif:Thu Mar 28 09:51:31 2013 size:9584)
/Examples/Doc-GettingStarted-Yocto-MaxiDisplay/CodeBlocks/CodeBlocks_win.cbp (modif:Thu Mar 28 09:51:31 2013 size:9596)
/Examples/Doc-GettingStarted-Yocto-MaxiDisplay/main.cpp (modif:Mon Feb 25 16:54:03 2013 size:2270)
/Examples/Doc-GettingStarted-Yocto-PowerRelay/make.bat (modif:Thu Feb 21 13:56:53 2013 size:80)
/Examples/Doc-GettingStarted-Yocto-PowerRelay/makefile (modif:Tue Jan 15 15:40:46 2013 size:2485)
/Examples/Doc-GettingStarted-Yocto-PowerRelay/Xcode/project.xcodeproj/project.pbxproj (modif:Thu Mar 28 09:51:31 2013 size:33265)
/Examples/Doc-GettingStarted-Yocto-PowerRelay/Xcode/project.xcodeproj/project.xcworkspace/contents.xcworkspacedata (modif:Tue Jan 15 15:40:46 2013 size:152)
/Examples/Doc-GettingStarted-Yocto-PowerRelay/Binary_OSX/demo (modif:Tue Apr  2 12:39:50 2013 size:730544)
/Examples/Doc-GettingStarted-Yocto-PowerRelay/VisualStudio/VisualStudio.vcxproj (modif:Thu Mar 28 09:51:31 2013 size:8480)
/Examples/Doc-GettingStarted-Yocto-PowerRelay/Binary_Windows/demo.exe (modif:Tue Apr  2 12:49:37 2013 size:347648)
/Examples/Doc-GettingStarted-Yocto-PowerRelay/GNUmakefile (modif:Tue Jan 15 15:40:46 2013 size:4812)
/Examples/Doc-GettingStarted-Yocto-PowerRelay/README.txt (modif:Tue Jan 15 15:40:46 2013 size:5159)
/Examples/Doc-GettingStarted-Yocto-PowerRelay/Binary_Linux/armel/demo (modif:Tue Apr  2 12:42:40 2013 size:1009924)
/Examples/Doc-GettingStarted-Yocto-PowerRelay/Binary_Linux/armhf/demo (modif:Tue Apr  2 12:47:36 2013 size:927430)
/Examples/Doc-GettingStarted-Yocto-PowerRelay/Binary_Linux/32bits/demo (modif:Tue Apr  2 12:39:15 2013 size:946910)
/Examples/Doc-GettingStarted-Yocto-PowerRelay/Binary_Linux/64bits/demo (modif:Tue Apr  2 12:39:16 2013 size:1051493)
/Examples/Doc-GettingStarted-Yocto-PowerRelay/CodeBlocks/CodeBlocks_linux.cbp (modif:Thu Mar 28 09:51:31 2013 size:9584)
/Examples/Doc-GettingStarted-Yocto-PowerRelay/CodeBlocks/CodeBlocks_win.cbp (modif:Thu Mar 28 09:51:31 2013 size:9596)
/Examples/Doc-GettingStarted-Yocto-PowerRelay/main.cpp (modif:Tue Jan 15 15:40:46 2013 size:1374)
/Examples/Doc-Inventory/make.bat (modif:Thu Feb 21 13:56:52 2013 size:80)
/Examples/Doc-Inventory/makefile (modif:Tue Jan 15 15:40:40 2013 size:2485)
/Examples/Doc-Inventory/Xcode/project.xcodeproj/project.pbxproj (modif:Thu Mar 28 09:51:31 2013 size:33265)
/Examples/Doc-Inventory/Xcode/project.xcodeproj/project.xcworkspace/contents.xcworkspacedata (modif:Tue Jan 15 15:40:40 2013 size:152)
/Examples/Doc-Inventory/Binary_OSX/demo (modif:Tue Apr  2 12:40:05 2013 size:665224)
/Examples/Doc-Inventory/VisualStudio/VisualStudio.vcxproj (modif:Thu Mar 28 09:51:31 2013 size:8480)
/Examples/Doc-Inventory/Binary_Windows/demo.exe (modif:Tue Apr  2 12:50:45 2013 size:339456)
/Examples/Doc-Inventory/GNUmakefile (modif:Tue Jan 15 15:40:40 2013 size:4812)
/Examples/Doc-Inventory/README.txt (modif:Tue Jan 15 15:40:40 2013 size:5159)
/Examples/Doc-Inventory/Binary_Linux/armel/demo (modif:Tue Apr  2 12:42:44 2013 size:877847)
/Examples/Doc-Inventory/Binary_Linux/armhf/demo (modif:Tue Apr  2 12:47:43 2013 size:828263)
/Examples/Doc-Inventory/Binary_Linux/32bits/demo (modif:Tue Apr  2 12:39:17 2013 size:840857)
/Examples/Doc-Inventory/Binary_Linux/64bits/demo (modif:Tue Apr  2 12:39:17 2013 size:931470)
/Examples/Doc-Inventory/CodeBlocks/CodeBlocks_linux.cbp (modif:Thu Mar 28 09:51:31 2013 size:9584)
/Examples/Doc-Inventory/CodeBlocks/CodeBlocks_win.cbp (modif:Thu Mar 28 09:51:31 2013 size:9596)
/Examples/Doc-Inventory/main.cpp (modif:Tue Jan 15 15:40:40 2013 size:586)
/Examples/Doc-SaveSettings/make.bat (modif:Thu Feb 21 13:56:52 2013 size:80)
/Examples/Doc-SaveSettings/makefile (modif:Tue Jan 15 15:40:34 2013 size:2485)
/Examples/Doc-SaveSettings/Xcode/project.xcodeproj/project.pbxproj (modif:Thu Mar 28 09:51:30 2013 size:33265)
/Examples/Doc-SaveSettings/Xcode/project.xcodeproj/project.xcworkspace/contents.xcworkspacedata (modif:Tue Jan 15 15:40:33 2013 size:152)
/Examples/Doc-SaveSettings/Binary_OSX/demo (modif:Tue Apr  2 12:40:19 2013 size:665576)
/Examples/Doc-SaveSettings/VisualStudio/VisualStudio.vcxproj (modif:Thu Mar 28 09:51:30 2013 size:8480)
/Examples/Doc-SaveSettings/Binary_Windows/demo.exe (modif:Tue Apr  2 12:51:51 2013 size:339968)
/Examples/Doc-SaveSettings/GNUmakefile (modif:Tue Jan 15 15:40:34 2013 size:4812)
/Examples/Doc-SaveSettings/README.txt (modif:Tue Jan 15 15:40:34 2013 size:5159)
/Examples/Doc-SaveSettings/Binary_Linux/armel/demo (modif:Tue Apr  2 12:42:48 2013 size:878525)
/Examples/Doc-SaveSettings/Binary_Linux/armhf/demo (modif:Tue Apr  2 12:47:51 2013 size:828922)
/Examples/Doc-SaveSettings/Binary_Linux/32bits/demo (modif:Tue Apr  2 12:39:18 2013 size:841396)
/Examples/Doc-SaveSettings/Binary_Linux/64bits/demo (modif:Tue Apr  2 12:39:19 2013 size:936271)
/Examples/Doc-SaveSettings/CodeBlocks/CodeBlocks_linux.cbp (modif:Thu Mar 28 09:51:30 2013 size:9584)
/Examples/Doc-SaveSettings/CodeBlocks/CodeBlocks_win.cbp (modif:Thu Mar 28 09:51:30 2013 size:9596)
/Examples/Doc-SaveSettings/main.cpp (modif:Tue Jan 15 15:40:34 2013 size:1133)
/Examples/ChristmasTree/make.bat (modif:Thu Feb 21 13:56:53 2013 size:80)
/Examples/ChristmasTree/makefile (modif:Tue Jan 15 15:40:48 2013 size:2485)
/Examples/ChristmasTree/Xcode/project.xcodeproj/project.pbxproj (modif:Thu Mar 28 09:51:30 2013 size:33265)
/Examples/ChristmasTree/Xcode/project.xcodeproj/project.xcworkspace/contents.xcworkspacedata (modif:Tue Jan 15 15:40:47 2013 size:152)
/Examples/ChristmasTree/Binary_OSX/demo (modif:Tue Apr  2 12:40:34 2013 size:759096)
/Examples/ChristmasTree/VisualStudio/VisualStudio.vcxproj (modif:Thu Mar 28 09:51:30 2013 size:8480)
/Examples/ChristmasTree/VisualStudio/VisualStudio.vcxproj.filters (modif:Tue Jan 15 15:40:48 2013 size:7507)
/Examples/ChristmasTree/Binary_Windows/demo.exe (modif:Tue Apr  2 12:52:45 2013 size:363520)
/Examples/ChristmasTree/GNUmakefile (modif:Tue Jan 15 15:40:48 2013 size:4812)
/Examples/ChristmasTree/README.txt (modif:Tue Jan 15 15:40:48 2013 size:5159)
/Examples/ChristmasTree/Binary_Linux/armel/demo (modif:Tue Apr  2 12:42:54 2013 size:1041184)
/Examples/ChristmasTree/Binary_Linux/armhf/demo (modif:Tue Apr  2 12:48:01 2013 size:961993)
/Examples/ChristmasTree/Binary_Linux/32bits/demo (modif:Tue Apr  2 12:39:20 2013 size:981505)
/Examples/ChristmasTree/Binary_Linux/64bits/demo (modif:Tue Apr  2 12:39:22 2013 size:1090470)
/Examples/ChristmasTree/CodeBlocks/CodeBlocks_linux.cbp (modif:Thu Mar 28 09:51:30 2013 size:9584)
/Examples/ChristmasTree/CodeBlocks/CodeBlocks_win.cbp (modif:Thu Mar 28 09:51:30 2013 size:9596)
/Examples/ChristmasTree/main.cpp (modif:Tue Jan 15 15:40:48 2013 size:2882)
/Examples/Doc-GettingStarted-Yocto-MaxiCoupler/make.bat (modif:Thu Mar 21 13:19:50 2013 size:80)
/Examples/Doc-GettingStarted-Yocto-MaxiCoupler/makefile (modif:Thu Mar 21 13:19:51 2013 size:2485)
/Examples/Doc-GettingStarted-Yocto-MaxiCoupler/Xcode/project.xcodeproj/project.pbxproj (modif:Thu Mar 28 09:51:31 2013 size:33265)
/Examples/Doc-GettingStarted-Yocto-MaxiCoupler/Xcode/project.xcodeproj/project.xcworkspace/contents.xcworkspacedata (modif:Thu Mar 21 13:19:50 2013 size:152)
/Examples/Doc-GettingStarted-Yocto-MaxiCoupler/Binary_OSX/demo (modif:Tue Apr  2 12:40:49 2013 size:730272)
/Examples/Doc-GettingStarted-Yocto-MaxiCoupler/VisualStudio/VisualStudio.vcxproj (modif:Thu Mar 28 09:51:31 2013 size:8480)
/Examples/Doc-GettingStarted-Yocto-MaxiCoupler/Binary_Windows/demo.exe (modif:Tue Apr  2 12:53:31 2013 size:349184)
/Examples/Doc-GettingStarted-Yocto-MaxiCoupler/GNUmakefile (modif:Thu Mar 21 13:19:51 2013 size:4812)
/Examples/Doc-GettingStarted-Yocto-MaxiCoupler/README.txt (modif:Thu Mar 21 13:19:51 2013 size:5159)
/Examples/Doc-GettingStarted-Yocto-MaxiCoupler/Binary_Linux/armel/demo (modif:Tue Apr  2 12:42:58 2013 size:1010075)
/Examples/Doc-GettingStarted-Yocto-MaxiCoupler/Binary_Linux/armhf/demo (modif:Tue Apr  2 12:48:10 2013 size:927537)
/Examples/Doc-GettingStarted-Yocto-MaxiCoupler/Binary_Linux/32bits/demo (modif:Tue Apr  2 12:39:23 2013 size:947093)
/Examples/Doc-GettingStarted-Yocto-MaxiCoupler/Binary_Linux/64bits/demo (modif:Tue Apr  2 12:39:25 2013 size:1051692)
/Examples/Doc-GettingStarted-Yocto-MaxiCoupler/CodeBlocks/CodeBlocks_linux.cbp (modif:Thu Mar 28 09:51:31 2013 size:9584)
/Examples/Doc-GettingStarted-Yocto-MaxiCoupler/CodeBlocks/CodeBlocks_win.cbp (modif:Thu Mar 28 09:51:31 2013 size:9596)
/Examples/Doc-GettingStarted-Yocto-MaxiCoupler/main.cpp (modif:Thu Mar 21 13:19:51 2013 size:1631)
/Examples/Doc-GettingStarted-Yocto-Temperature/make.bat (modif:Thu Feb 21 13:56:52 2013 size:80)
/Examples/Doc-GettingStarted-Yocto-Temperature/makefile (modif:Tue Jan 15 15:40:33 2013 size:2485)
/Examples/Doc-GettingStarted-Yocto-Temperature/Xcode/project.xcodeproj/project.pbxproj (modif:Thu Mar 28 09:51:29 2013 size:33265)
/Examples/Doc-GettingStarted-Yocto-Temperature/Xcode/project.xcodeproj/project.xcworkspace/contents.xcworkspacedata (modif:Tue Jan 15 15:40:32 2013 size:152)
/Examples/Doc-GettingStarted-Yocto-Temperature/Binary_OSX/demo (modif:Tue Apr  2 12:41:04 2013 size:734496)
/Examples/Doc-GettingStarted-Yocto-Temperature/VisualStudio/VisualStudio.vcxproj (modif:Thu Mar 28 09:51:30 2013 size:8480)
/Examples/Doc-GettingStarted-Yocto-Temperature/Binary_Windows/demo.exe (modif:Tue Apr  2 12:54:12 2013 size:363008)
/Examples/Doc-GettingStarted-Yocto-Temperature/GNUmakefile (modif:Tue Jan 15 15:40:33 2013 size:4812)
/Examples/Doc-GettingStarted-Yocto-Temperature/README.txt (modif:Tue Jan 15 15:40:33 2013 size:5159)
/Examples/Doc-GettingStarted-Yocto-Temperature/Binary_Linux/armel/demo (modif:Tue Apr  2 12:43:03 2013 size:1021829)
/Examples/Doc-GettingStarted-Yocto-Temperature/Binary_Linux/armhf/demo (modif:Tue Apr  2 12:48:19 2013 size:935835)
/Examples/Doc-GettingStarted-Yocto-Temperature/Binary_Linux/32bits/demo (modif:Tue Apr  2 12:39:26 2013 size:956261)
/Examples/Doc-GettingStarted-Yocto-Temperature/Binary_Linux/64bits/demo (modif:Tue Apr  2 12:39:28 2013 size:1061294)
/Examples/Doc-GettingStarted-Yocto-Temperature/CodeBlocks/CodeBlocks_linux.cbp (modif:Thu Mar 28 09:51:30 2013 size:9584)
/Examples/Doc-GettingStarted-Yocto-Temperature/CodeBlocks/CodeBlocks_win.cbp (modif:Thu Mar 28 09:51:29 2013 size:9596)
/Examples/Doc-GettingStarted-Yocto-Temperature/main.cpp (modif:Tue Jan 15 15:40:33 2013 size:1439)
/Examples/Doc-GettingStarted-Yocto-Demo/make.bat (modif:Thu Feb 21 13:56:52 2013 size:80)
/Examples/Doc-GettingStarted-Yocto-Demo/makefile (modif:Tue Jan 15 15:40:44 2013 size:2485)
/Examples/Doc-GettingStarted-Yocto-Demo/Xcode/project.xcodeproj/project.pbxproj (modif:Thu Mar 28 09:51:31 2013 size:33265)
/Examples/Doc-GettingStarted-Yocto-Demo/Xcode/project.xcodeproj/project.xcworkspace/contents.xcworkspacedata (modif:Tue Jan 15 15:40:43 2013 size:152)
/Examples/Doc-GettingStarted-Yocto-Demo/Binary_OSX/demo (modif:Tue Apr  2 12:41:19 2013 size:724256)
/Examples/Doc-GettingStarted-Yocto-Demo/VisualStudio/VisualStudio.vcxproj (modif:Thu Mar 28 09:51:31 2013 size:8480)
/Examples/Doc-GettingStarted-Yocto-Demo/Binary_Windows/demo.exe (modif:Tue Apr  2 12:54:52 2013 size:345600)
/Examples/Doc-GettingStarted-Yocto-Demo/GNUmakefile (modif:Tue Jan 15 15:40:44 2013 size:4812)
/Examples/Doc-GettingStarted-Yocto-Demo/README.txt (modif:Tue Jan 15 15:40:44 2013 size:5159)
/Examples/Doc-GettingStarted-Yocto-Demo/Binary_Linux/armel/demo (modif:Tue Apr  2 12:43:08 2013 size:1002591)
/Examples/Doc-GettingStarted-Yocto-Demo/Binary_Linux/armhf/demo (modif:Tue Apr  2 12:48:28 2013 size:920060)
/Examples/Doc-GettingStarted-Yocto-Demo/Binary_Linux/32bits/demo (modif:Tue Apr  2 12:39:28 2013 size:939424)
/Examples/Doc-GettingStarted-Yocto-Demo/Binary_Linux/64bits/demo (modif:Tue Apr  2 12:39:29 2013 size:1043571)
/Examples/Doc-GettingStarted-Yocto-Demo/CodeBlocks/CodeBlocks_linux.cbp (modif:Thu Mar 28 09:51:31 2013 size:9584)
/Examples/Doc-GettingStarted-Yocto-Demo/CodeBlocks/CodeBlocks_win.cbp (modif:Thu Mar 28 09:51:31 2013 size:9596)
/Examples/Doc-GettingStarted-Yocto-Demo/main.cpp (modif:Tue Jan 15 15:40:44 2013 size:1268)
/Examples/Doc-GettingStarted-Yocto-VOC/make.bat (modif:Thu Feb 21 13:56:53 2013 size:80)
/Examples/Doc-GettingStarted-Yocto-VOC/makefile (modif:Tue Jan 15 15:40:46 2013 size:2485)
/Examples/Doc-GettingStarted-Yocto-VOC/Xcode/project.xcodeproj/project.pbxproj (modif:Thu Mar 28 09:51:30 2013 size:33265)
/Examples/Doc-GettingStarted-Yocto-VOC/Xcode/project.xcodeproj/project.xcworkspace/contents.xcworkspacedata (modif:Tue Jan 15 15:40:45 2013 size:152)
/Examples/Doc-GettingStarted-Yocto-VOC/Binary_OSX/demo (modif:Tue Apr  2 12:41:34 2013 size:731008)
/Examples/Doc-GettingStarted-Yocto-VOC/VisualStudio/VisualStudio.vcxproj (modif:Thu Mar 28 09:51:30 2013 size:8480)
/Examples/Doc-GettingStarted-Yocto-VOC/Binary_Windows/demo.exe (modif:Tue Apr  2 12:55:31 2013 size:361984)
/Examples/Doc-GettingStarted-Yocto-VOC/GNUmakefile (modif:Tue Jan 15 15:40:45 2013 size:4812)
/Examples/Doc-GettingStarted-Yocto-VOC/README.txt (modif:Tue Jan 15 15:40:45 2013 size:5159)
/Examples/Doc-GettingStarted-Yocto-VOC/Binary_Linux/armel/demo (modif:Tue Apr  2 12:43:13 2013 size:1015472)
/Examples/Doc-GettingStarted-Yocto-VOC/Binary_Linux/armhf/demo (modif:Tue Apr  2 12:48:36 2013 size:931193)
/Examples/Doc-GettingStarted-Yocto-VOC/Binary_Linux/32bits/demo (modif:Tue Apr  2 12:39:30 2013 size:949953)
/Examples/Doc-GettingStarted-Yocto-VOC/Binary_Linux/64bits/demo (modif:Tue Apr  2 12:39:31 2013 size:1054850)
/Examples/Doc-GettingStarted-Yocto-VOC/CodeBlocks/CodeBlocks_linux.cbp (modif:Thu Mar 28 09:51:30 2013 size:9584)
/Examples/Doc-GettingStarted-Yocto-VOC/CodeBlocks/CodeBlocks_win.cbp (modif:Thu Mar 28 09:51:30 2013 size:9596)
/Examples/Doc-GettingStarted-Yocto-VOC/main.cpp (modif:Tue Jan 15 15:40:45 2013 size:1380)
/Examples/Doc-GettingStarted-Yocto-Thermocouple/make.bat (modif:Thu Feb 21 13:56:52 2013 size:80)
/Examples/Doc-GettingStarted-Yocto-Thermocouple/makefile (modif:Tue Jan 15 15:40:37 2013 size:2485)
/Examples/Doc-GettingStarted-Yocto-Thermocouple/Xcode/project.xcodeproj/project.pbxproj (modif:Thu Mar 28 09:51:30 2013 size:33265)
/Examples/Doc-GettingStarted-Yocto-Thermocouple/Xcode/project.xcodeproj/project.xcworkspace/contents.xcworkspacedata (modif:Tue Jan 15 15:40:37 2013 size:152)
/Examples/Doc-GettingStarted-Yocto-Thermocouple/Binary_OSX/demo (modif:Tue Apr  2 12:41:51 2013 size:738616)
/Examples/Doc-GettingStarted-Yocto-Thermocouple/VisualStudio/VisualStudio.vcxproj (modif:Thu Mar 28 09:51:30 2013 size:8480)
/Examples/Doc-GettingStarted-Yocto-Thermocouple/Binary_Windows/demo.exe (modif:Tue Apr  2 12:56:11 2013 size:363520)
/Examples/Doc-GettingStarted-Yocto-Thermocouple/GNUmakefile (modif:Tue Jan 15 15:40:37 2013 size:4812)
/Examples/Doc-GettingStarted-Yocto-Thermocouple/README.txt (modif:Tue Jan 15 15:40:37 2013 size:5159)
/Examples/Doc-GettingStarted-Yocto-Thermocouple/Binary_Linux/armel/demo (modif:Tue Apr  2 12:43:18 2013 size:1025969)
/Examples/Doc-GettingStarted-Yocto-Thermocouple/Binary_Linux/armhf/demo (modif:Tue Apr  2 12:48:45 2013 size:935943)
/Examples/Doc-GettingStarted-Yocto-Thermocouple/Binary_Linux/32bits/demo (modif:Tue Apr  2 12:39:32 2013 size:956385)
/Examples/Doc-GettingStarted-Yocto-Thermocouple/Binary_Linux/64bits/demo (modif:Tue Apr  2 12:39:32 2013 size:1061414)
/Examples/Doc-GettingStarted-Yocto-Thermocouple/CodeBlocks/CodeBlocks_linux.cbp (modif:Thu Mar 28 09:51:30 2013 size:9584)
/Examples/Doc-GettingStarted-Yocto-Thermocouple/CodeBlocks/CodeBlocks_win.cbp (modif:Thu Mar 28 09:51:30 2013 size:9596)
/Examples/Doc-GettingStarted-Yocto-Thermocouple/main.cpp (modif:Tue Jan 15 15:40:37 2013 size:1721)
/Examples/Prog-EventBased/make.bat (modif:Thu Feb 21 13:56:52 2013 size:80)
/Examples/Prog-EventBased/makefile (modif:Tue Jan 15 15:40:35 2013 size:2485)
/Examples/Prog-EventBased/Xcode/project.xcodeproj/project.pbxproj (modif:Thu Mar 28 09:51:30 2013 size:33265)
/Examples/Prog-EventBased/Xcode/project.xcodeproj/project.xcworkspace/contents.xcworkspacedata (modif:Tue Jan 15 15:40:35 2013 size:152)
/Examples/Prog-EventBased/Binary_OSX/demo (modif:Tue Apr  2 12:42:06 2013 size:876968)
/Examples/Prog-EventBased/VisualStudio/VisualStudio.vcxproj (modif:Thu Mar 28 09:51:30 2013 size:8480)
/Examples/Prog-EventBased/Binary_Windows/demo.exe (modif:Tue Apr  2 12:56:51 2013 size:369664)
/Examples/Prog-EventBased/GNUmakefile (modif:Tue Jan 15 15:40:35 2013 size:4812)
/Examples/Prog-EventBased/README.txt (modif:Tue Jan 15 15:40:35 2013 size:5159)
/Examples/Prog-EventBased/Binary_Linux/armel/demo (modif:Tue Apr  2 12:43:25 2013 size:1297810)
/Examples/Prog-EventBased/Binary_Linux/armhf/demo (modif:Tue Apr  2 12:48:55 2013 size:1145924)
/Examples/Prog-EventBased/Binary_Linux/32bits/demo (modif:Tue Apr  2 12:39:33 2013 size:1181446)
/Examples/Prog-EventBased/Binary_Linux/64bits/demo (modif:Tue Apr  2 12:39:34 2013 size:1306209)
/Examples/Prog-EventBased/CodeBlocks/CodeBlocks_linux.cbp (modif:Thu Mar 28 09:51:30 2013 size:9584)
/Examples/Prog-EventBased/CodeBlocks/CodeBlocks_win.cbp (modif:Thu Mar 28 09:51:30 2013 size:9596)
/Examples/Prog-EventBased/main.cpp (modif:Tue Jan 15 15:40:35 2013 size:2881)
/Examples/Doc-ModuleControl/make.bat (modif:Thu Feb 21 13:56:52 2013 size:80)
/Examples/Doc-ModuleControl/makefile (modif:Tue Jan 15 15:40:37 2013 size:2485)
/Examples/Doc-ModuleControl/Xcode/project.xcodeproj/project.pbxproj (modif:Thu Mar 28 09:51:31 2013 size:33265)
/Examples/Doc-ModuleControl/Xcode/project.xcodeproj/project.xcworkspace/contents.xcworkspacedata (modif:Tue Jan 15 15:40:36 2013 size:152)
/Examples/Doc-ModuleControl/Binary_OSX/demo (modif:Tue Apr  2 12:42:21 2013 size:669592)
/Examples/Doc-ModuleControl/VisualStudio/VisualStudio.vcxproj (modif:Thu Mar 28 09:51:31 2013 size:8480)
/Examples/Doc-ModuleControl/Binary_Windows/demo.exe (modif:Tue Apr  2 12:57:31 2013 size:353792)
/Examples/Doc-ModuleControl/GNUmakefile (modif:Tue Jan 15 15:40:36 2013 size:4812)
/Examples/Doc-ModuleControl/README.txt (modif:Tue Jan 15 15:40:37 2013 size:5159)
/Examples/Doc-ModuleControl/Binary_Linux/armel/demo (modif:Tue Apr  2 12:43:30 2013 size:882721)
/Examples/Doc-ModuleControl/Binary_Linux/armhf/demo (modif:Tue Apr  2 12:49:03 2013 size:829018)
/Examples/Doc-ModuleControl/Binary_Linux/32bits/demo (modif:Tue Apr  2 12:39:35 2013 size:841592)
/Examples/Doc-ModuleControl/Binary_Linux/64bits/demo (modif:Tue Apr  2 12:39:35 2013 size:936475)
/Examples/Doc-ModuleControl/CodeBlocks/CodeBlocks_linux.cbp (modif:Thu Mar 28 09:51:31 2013 size:9584)
/Examples/Doc-ModuleControl/CodeBlocks/CodeBlocks_win.cbp (modif:Thu Mar 28 09:51:31 2013 size:9596)
/Examples/Doc-ModuleControl/main.cpp (modif:Tue Jan 15 15:40:36 2013 size:1500)
/Examples/Prog-Display-DoubleBuffering/make.bat (modif:Sun Mar 17 23:15:52 2013 size:80)
/Examples/Prog-Display-DoubleBuffering/makefile (modif:Sun Mar 17 23:15:52 2013 size:2485)
/Examples/Prog-Display-DoubleBuffering/Xcode/project.xcodeproj/project.pbxproj (modif:Thu Mar 28 09:51:31 2013 size:33265)
/Examples/Prog-Display-DoubleBuffering/Xcode/project.xcodeproj/project.xcworkspace/contents.xcworkspacedata (modif:Sun Mar 17 23:15:52 2013 size:152)
/Examples/Prog-Display-DoubleBuffering/Binary_OSX/demo (modif:Tue Apr  2 12:42:36 2013 size:793144)
/Examples/Prog-Display-DoubleBuffering/VisualStudio/VisualStudio.vcxproj (modif:Thu Mar 28 09:51:31 2013 size:8480)
/Examples/Prog-Display-DoubleBuffering/Binary_Windows/demo.exe (modif:Tue Apr  2 12:58:10 2013 size:364032)
/Examples/Prog-Display-DoubleBuffering/GNUmakefile (modif:Sun Mar 17 23:15:52 2013 size:4812)
/Examples/Prog-Display-DoubleBuffering/README.txt (modif:Sun Mar 17 23:15:52 2013 size:5159)
/Examples/Prog-Display-DoubleBuffering/Binary_Linux/armel/demo (modif:Tue Apr  2 12:43:36 2013 size:1089778)
/Examples/Prog-Display-DoubleBuffering/Binary_Linux/armhf/demo (modif:Tue Apr  2 12:49:12 2013 size:1005754)
/Examples/Prog-Display-DoubleBuffering/Binary_Linux/32bits/demo (modif:Tue Apr  2 12:39:36 2013 size:1025984)
/Examples/Prog-Display-DoubleBuffering/Binary_Linux/64bits/demo (modif:Tue Apr  2 12:39:38 2013 size:1139127)
/Examples/Prog-Display-DoubleBuffering/CodeBlocks/CodeBlocks_linux.cbp (modif:Thu Mar 28 09:51:31 2013 size:9584)
/Examples/Prog-Display-DoubleBuffering/CodeBlocks/CodeBlocks_win.cbp (modif:Thu Mar 28 09:51:31 2013 size:9596)
/Examples/Prog-Display-DoubleBuffering/main.cpp (modif:Thu Mar 21 16:42:59 2013 size:2772)
/Examples/Doc-GettingStarted-Yocto-Display/make.bat (modif:Thu Mar 21 13:19:50 2013 size:80)
/Examples/Doc-GettingStarted-Yocto-Display/makefile (modif:Thu Mar 21 13:19:50 2013 size:2485)
/Examples/Doc-GettingStarted-Yocto-Display/Xcode/project.xcodeproj/project.pbxproj (modif:Thu Mar 28 09:51:31 2013 size:33265)
/Examples/Doc-GettingStarted-Yocto-Display/Xcode/project.xcodeproj/project.xcworkspace/contents.xcworkspacedata (modif:Thu Mar 21 13:19:50 2013 size:152)
/Examples/Doc-GettingStarted-Yocto-Display/Binary_OSX/demo (modif:Tue Apr  2 12:42:51 2013 size:792960)
/Examples/Doc-GettingStarted-Yocto-Display/VisualStudio/VisualStudio.vcxproj (modif:Thu Mar 28 09:51:31 2013 size:8480)
/Examples/Doc-GettingStarted-Yocto-Display/Binary_Windows/demo.exe (modif:Tue Apr  2 12:58:49 2013 size:356352)
/Examples/Doc-GettingStarted-Yocto-Display/GNUmakefile (modif:Thu Mar 21 13:19:50 2013 size:4812)
/Examples/Doc-GettingStarted-Yocto-Display/README.txt (modif:Thu Mar 21 13:19:50 2013 size:5159)
/Examples/Doc-GettingStarted-Yocto-Display/Binary_Linux/armel/demo (modif:Tue Apr  2 12:43:41 2013 size:1085179)
/Examples/Doc-GettingStarted-Yocto-Display/Binary_Linux/armhf/demo (modif:Tue Apr  2 12:49:21 2013 size:1005304)
/Examples/Doc-GettingStarted-Yocto-Display/Binary_Linux/32bits/demo (modif:Tue Apr  2 12:39:39 2013 size:1025610)
/Examples/Doc-GettingStarted-Yocto-Display/Binary_Linux/64bits/demo (modif:Tue Apr  2 12:39:40 2013 size:1138645)
/Examples/Doc-GettingStarted-Yocto-Display/CodeBlocks/CodeBlocks_linux.cbp (modif:Thu Mar 28 09:51:31 2013 size:9584)
/Examples/Doc-GettingStarted-Yocto-Display/CodeBlocks/CodeBlocks_win.cbp (modif:Thu Mar 28 09:51:31 2013 size:9596)
/Examples/Doc-GettingStarted-Yocto-Display/main.cpp (modif:Thu Mar 21 14:45:20 2013 size:2270)
/Examples/Doc-GettingStarted-Yocto-Servo/make.bat (modif:Thu Feb 21 13:56:52 2013 size:80)
/Examples/Doc-GettingStarted-Yocto-Servo/makefile (modif:Tue Jan 15 15:40:34 2013 size:2485)
/Examples/Doc-GettingStarted-Yocto-Servo/Xcode/project.xcodeproj/project.pbxproj (modif:Thu Mar 28 09:51:30 2013 size:33265)
/Examples/Doc-GettingStarted-Yocto-Servo/Xcode/project.xcodeproj/project.xcworkspace/contents.xcworkspacedata (modif:Tue Jan 15 15:40:34 2013 size:152)
/Examples/Doc-GettingStarted-Yocto-Servo/Binary_OSX/demo (modif:Tue Apr  2 12:43:06 2013 size:729920)
/Examples/Doc-GettingStarted-Yocto-Servo/VisualStudio/VisualStudio.vcxproj (modif:Thu Mar 28 09:51:30 2013 size:8480)
/Examples/Doc-GettingStarted-Yocto-Servo/Binary_Windows/demo.exe (modif:Tue Apr  2 12:59:29 2013 size:347136)
/Examples/Doc-GettingStarted-Yocto-Servo/GNUmakefile (modif:Tue Jan 15 15:40:34 2013 size:4812)
/Examples/Doc-GettingStarted-Yocto-Servo/README.txt (modif:Tue Jan 15 15:40:34 2013 size:5159)
/Examples/Doc-GettingStarted-Yocto-Servo/Binary_Linux/armel/demo (modif:Tue Apr  2 12:43:45 2013 size:1009036)
/Examples/Doc-GettingStarted-Yocto-Servo/Binary_Linux/armhf/demo (modif:Tue Apr  2 12:49:30 2013 size:926561)
/Examples/Doc-GettingStarted-Yocto-Servo/Binary_Linux/32bits/demo (modif:Tue Apr  2 12:39:42 2013 size:945869)
/Examples/Doc-GettingStarted-Yocto-Servo/Binary_Linux/64bits/demo (modif:Tue Apr  2 12:39:43 2013 size:1050474)
/Examples/Doc-GettingStarted-Yocto-Servo/CodeBlocks/CodeBlocks_linux.cbp (modif:Thu Mar 28 09:51:30 2013 size:9584)
/Examples/Doc-GettingStarted-Yocto-Servo/CodeBlocks/CodeBlocks_win.cbp (modif:Thu Mar 28 09:51:30 2013 size:9596)
/Examples/Doc-GettingStarted-Yocto-Servo/main.cpp (modif:Tue Jan 15 15:40:34 2013 size:1561)
/Examples/Doc-GettingStarted-Yocto-MaxiRelay/make.bat (modif:Thu Feb 21 13:56:52 2013 size:80)
/Examples/Doc-GettingStarted-Yocto-MaxiRelay/makefile (modif:Tue Jan 15 15:40:32 2013 size:2485)
/Examples/Doc-GettingStarted-Yocto-MaxiRelay/Xcode/project.xcodeproj/project.pbxproj (modif:Thu Mar 28 09:51:30 2013 size:33265)
/Examples/Doc-GettingStarted-Yocto-MaxiRelay/Xcode/project.xcodeproj/project.xcworkspace/contents.xcworkspacedata (modif:Tue Jan 15 15:40:31 2013 size:152)
/Examples/Doc-GettingStarted-Yocto-MaxiRelay/Binary_OSX/demo (modif:Tue Apr  2 12:43:22 2013 size:730248)
/Examples/Doc-GettingStarted-Yocto-MaxiRelay/VisualStudio/VisualStudio.vcxproj (modif:Thu Mar 28 09:51:30 2013 size:8480)
/Examples/Doc-GettingStarted-Yocto-MaxiRelay/Binary_Windows/demo.exe (modif:Tue Apr  2 13:00:08 2013 size:349184)
/Examples/Doc-GettingStarted-Yocto-MaxiRelay/GNUmakefile (modif:Tue Jan 15 15:40:31 2013 size:4812)
/Examples/Doc-GettingStarted-Yocto-MaxiRelay/README.txt (modif:Tue Jan 15 15:40:32 2013 size:5159)
/Examples/Doc-GettingStarted-Yocto-MaxiRelay/Binary_Linux/armel/demo (modif:Tue Apr  2 12:43:50 2013 size:1010071)
/Examples/Doc-GettingStarted-Yocto-MaxiRelay/Binary_Linux/armhf/demo (modif:Tue Apr  2 12:49:39 2013 size:927537)
/Examples/Doc-GettingStarted-Yocto-MaxiRelay/Binary_Linux/32bits/demo (modif:Tue Apr  2 12:39:44 2013 size:947093)
/Examples/Doc-GettingStarted-Yocto-MaxiRelay/Binary_Linux/64bits/demo (modif:Tue Apr  2 12:39:45 2013 size:1051684)
/Examples/Doc-GettingStarted-Yocto-MaxiRelay/CodeBlocks/CodeBlocks_linux.cbp (modif:Thu Mar 28 09:51:30 2013 size:9584)
/Examples/Doc-GettingStarted-Yocto-MaxiRelay/CodeBlocks/CodeBlocks_win.cbp (modif:Thu Mar 28 09:51:30 2013 size:9596)
/Examples/Doc-GettingStarted-Yocto-MaxiRelay/main.cpp (modif:Tue Jan 15 15:40:31 2013 size:1631)
/Examples/Prog-InteractiveMandlelbroot/make.bat (modif:Mon Mar 18 00:00:42 2013 size:80)
/Examples/Prog-InteractiveMandlelbroot/makefile (modif:Mon Mar 18 00:00:42 2013 size:2485)
/Examples/Prog-InteractiveMandlelbroot/Xcode/project.xcodeproj/project.pbxproj (modif:Thu Mar 28 09:51:30 2013 size:33265)
/Examples/Prog-InteractiveMandlelbroot/Xcode/project.xcodeproj/project.xcworkspace/contents.xcworkspacedata (modif:Mon Mar 18 00:00:42 2013 size:152)
/Examples/Prog-InteractiveMandlelbroot/Binary_OSX/demo (modif:Tue Apr  2 12:43:36 2013 size:874624)
/Examples/Prog-InteractiveMandlelbroot/VisualStudio/VisualStudio.vcxproj (modif:Thu Mar 28 09:51:31 2013 size:8480)
/Examples/Prog-InteractiveMandlelbroot/Binary_Windows/demo.exe (modif:Tue Apr  2 13:00:48 2013 size:369664)
/Examples/Prog-InteractiveMandlelbroot/GNUmakefile (modif:Mon Mar 18 00:00:42 2013 size:4812)
/Examples/Prog-InteractiveMandlelbroot/README.txt (modif:Mon Mar 18 00:00:42 2013 size:5159)
/Examples/Prog-InteractiveMandlelbroot/Binary_Linux/armel/demo (modif:Tue Apr  2 12:43:56 2013 size:1239015)
/Examples/Prog-InteractiveMandlelbroot/Binary_Linux/armhf/demo (modif:Tue Apr  2 12:49:49 2013 size:1125688)
/Examples/Prog-InteractiveMandlelbroot/Binary_Linux/32bits/demo (modif:Tue Apr  2 12:39:46 2013 size:1153170)
/Examples/Prog-InteractiveMandlelbroot/Binary_Linux/64bits/demo (modif:Tue Apr  2 12:39:47 2013 size:1278623)
/Examples/Prog-InteractiveMandlelbroot/CodeBlocks/CodeBlocks_linux.cbp (modif:Thu Mar 28 09:51:31 2013 size:9584)
/Examples/Prog-InteractiveMandlelbroot/CodeBlocks/CodeBlocks_win.cbp (modif:Thu Mar 28 09:51:31 2013 size:9596)
/Examples/Prog-InteractiveMandlelbroot/main.cpp (modif:Thu Mar 21 18:41:23 2013 size:3698)
/Examples/Doc-GettingStarted-Yocto-Watt/make.bat (modif:Thu Feb 21 13:56:52 2013 size:80)
/Examples/Doc-GettingStarted-Yocto-Watt/makefile (modif:Tue Jan 15 15:40:43 2013 size:2485)
/Examples/Doc-GettingStarted-Yocto-Watt/Xcode/project.xcodeproj/project.pbxproj (modif:Thu Mar 28 09:51:30 2013 size:33265)
/Examples/Doc-GettingStarted-Yocto-Watt/Xcode/project.xcodeproj/project.xcworkspace/contents.xcworkspacedata (modif:Tue Jan 15 15:40:42 2013 size:152)
/Examples/Doc-GettingStarted-Yocto-Watt/Binary_OSX/demo (modif:Tue Apr  2 12:43:52 2013 size:736704)
/Examples/Doc-GettingStarted-Yocto-Watt/VisualStudio/VisualStudio.vcxproj (modif:Thu Mar 28 09:51:30 2013 size:8480)
/Examples/Doc-GettingStarted-Yocto-Watt/Binary_Windows/demo.exe (modif:Tue Apr  2 13:01:28 2013 size:363520)
/Examples/Doc-GettingStarted-Yocto-Watt/GNUmakefile (modif:Tue Jan 15 15:40:43 2013 size:4812)
/Examples/Doc-GettingStarted-Yocto-Watt/README.txt (modif:Tue Jan 15 15:40:43 2013 size:5159)
/Examples/Doc-GettingStarted-Yocto-Watt/Binary_Linux/armel/demo (modif:Tue Apr  2 12:44:00 2013 size:1022639)
/Examples/Doc-GettingStarted-Yocto-Watt/Binary_Linux/armhf/demo (modif:Tue Apr  2 12:49:58 2013 size:933798)
/Examples/Doc-GettingStarted-Yocto-Watt/Binary_Linux/32bits/demo (modif:Tue Apr  2 12:39:48 2013 size:952806)
/Examples/Doc-GettingStarted-Yocto-Watt/Binary_Linux/64bits/demo (modif:Tue Apr  2 12:39:48 2013 size:1057975)
/Examples/Doc-GettingStarted-Yocto-Watt/CodeBlocks/CodeBlocks_linux.cbp (modif:Thu Mar 28 09:51:30 2013 size:9584)
/Examples/Doc-GettingStarted-Yocto-Watt/CodeBlocks/CodeBlocks_win.cbp (modif:Thu Mar 28 09:51:30 2013 size:9596)
/Examples/Doc-GettingStarted-Yocto-Watt/main.cpp (modif:Tue Jan 15 15:40:43 2013 size:1396)
/Examples/Doc-GettingStarted-Yocto-Relay/make.bat (modif:Thu Feb 21 13:56:52 2013 size:80)
/Examples/Doc-GettingStarted-Yocto-Relay/makefile (modif:Tue Jan 15 15:40:41 2013 size:2485)
/Examples/Doc-GettingStarted-Yocto-Relay/Xcode/project.xcodeproj/project.pbxproj (modif:Thu Mar 28 09:51:30 2013 size:33265)
/Examples/Doc-GettingStarted-Yocto-Relay/Xcode/project.xcodeproj/project.xcworkspace/contents.xcworkspacedata (modif:Tue Jan 15 15:40:40 2013 size:152)
/Examples/Doc-GettingStarted-Yocto-Relay/Binary_OSX/demo (modif:Tue Apr  2 12:44:06 2013 size:730472)
/Examples/Doc-GettingStarted-Yocto-Relay/VisualStudio/VisualStudio.vcxproj (modif:Thu Mar 28 09:51:30 2013 size:8480)
/Examples/Doc-GettingStarted-Yocto-Relay/Binary_Windows/demo.exe (modif:Tue Apr  2 13:02:07 2013 size:347648)
/Examples/Doc-GettingStarted-Yocto-Relay/GNUmakefile (modif:Tue Jan 15 15:40:41 2013 size:4812)
/Examples/Doc-GettingStarted-Yocto-Relay/README.txt (modif:Tue Jan 15 15:40:41 2013 size:5159)
/Examples/Doc-GettingStarted-Yocto-Relay/Binary_Linux/armel/demo (modif:Tue Apr  2 12:44:05 2013 size:1009916)
/Examples/Doc-GettingStarted-Yocto-Relay/Binary_Linux/armhf/demo (modif:Tue Apr  2 12:50:07 2013 size:927426)
/Examples/Doc-GettingStarted-Yocto-Relay/Binary_Linux/32bits/demo (modif:Tue Apr  2 12:39:49 2013 size:946906)
/Examples/Doc-GettingStarted-Yocto-Relay/Binary_Linux/64bits/demo (modif:Tue Apr  2 12:39:50 2013 size:1051493)
/Examples/Doc-GettingStarted-Yocto-Relay/CodeBlocks/CodeBlocks_linux.cbp (modif:Thu Mar 28 09:51:30 2013 size:9584)
/Examples/Doc-GettingStarted-Yocto-Relay/CodeBlocks/CodeBlocks_win.cbp (modif:Thu Mar 28 09:51:30 2013 size:9596)
/Examples/Doc-GettingStarted-Yocto-Relay/main.cpp (modif:Tue Jan 15 15:40:41 2013 size:1383)
/Examples/Doc-GettingStarted-Yocto-CO2/make.bat (modif:Thu Feb 21 13:56:52 2013 size:80)
/Examples/Doc-GettingStarted-Yocto-CO2/makefile (modif:Tue Jan 15 15:40:43 2013 size:2485)
/Examples/Doc-GettingStarted-Yocto-CO2/Xcode/project.xcodeproj/project.pbxproj (modif:Thu Mar 28 09:51:31 2013 size:33265)
/Examples/Doc-GettingStarted-Yocto-CO2/Xcode/project.xcodeproj/project.xcworkspace/contents.xcworkspacedata (modif:Tue Jan 15 15:40:43 2013 size:152)
/Examples/Doc-GettingStarted-Yocto-CO2/Binary_OSX/demo (modif:Tue Apr  2 12:44:21 2013 size:734528)
/Examples/Doc-GettingStarted-Yocto-CO2/VisualStudio/VisualStudio.vcxproj (modif:Thu Mar 28 09:51:31 2013 size:8480)
/Examples/Doc-GettingStarted-Yocto-CO2/Binary_Windows/demo.exe (modif:Tue Apr  2 13:02:47 2013 size:362496)
/Examples/Doc-GettingStarted-Yocto-CO2/GNUmakefile (modif:Tue Jan 15 15:40:43 2013 size:4812)
/Examples/Doc-GettingStarted-Yocto-CO2/README.txt (modif:Tue Jan 15 15:40:43 2013 size:5159)
/Examples/Doc-GettingStarted-Yocto-CO2/Binary_Linux/armel/demo (modif:Tue Apr  2 12:44:09 2013 size:1021119)
/Examples/Doc-GettingStarted-Yocto-CO2/Binary_Linux/armhf/demo (modif:Tue Apr  2 12:50:16 2013 size:935159)
/Examples/Doc-GettingStarted-Yocto-CO2/Binary_Linux/32bits/demo (modif:Tue Apr  2 12:39:51 2013 size:955617)
/Examples/Doc-GettingStarted-Yocto-CO2/Binary_Linux/64bits/demo (modif:Tue Apr  2 12:39:52 2013 size:1060514)
/Examples/Doc-GettingStarted-Yocto-CO2/CodeBlocks/CodeBlocks_linux.cbp (modif:Thu Mar 28 09:51:31 2013 size:9584)
/Examples/Doc-GettingStarted-Yocto-CO2/CodeBlocks/CodeBlocks_win.cbp (modif:Thu Mar 28 09:51:31 2013 size:9596)
/Examples/Doc-GettingStarted-Yocto-CO2/main.cpp (modif:Tue Jan 15 15:40:43 2013 size:1449)
/Examples/Doc-GettingStarted-Yocto-PowerColor/make.bat (modif:Thu Feb 21 13:56:52 2013 size:80)
/Examples/Doc-GettingStarted-Yocto-PowerColor/makefile (modif:Tue Jan 15 15:40:32 2013 size:2485)
/Examples/Doc-GettingStarted-Yocto-PowerColor/Xcode/project.xcodeproj/project.pbxproj (modif:Thu Mar 28 09:51:29 2013 size:33265)
/Examples/Doc-GettingStarted-Yocto-PowerColor/Xcode/project.xcodeproj/project.xcworkspace/contents.xcworkspacedata (modif:Tue Jan 15 15:40:32 2013 size:152)
/Examples/Doc-GettingStarted-Yocto-PowerColor/Binary_OSX/demo (modif:Tue Apr  2 12:44:35 2013 size:735616)
/Examples/Doc-GettingStarted-Yocto-PowerColor/VisualStudio/VisualStudio.vcxproj (modif:Thu Mar 28 09:51:29 2013 size:8480)
/Examples/Doc-GettingStarted-Yocto-PowerColor/Binary_Windows/demo.exe (modif:Tue Apr  2 13:03:27 2013 size:349696)
/Examples/Doc-GettingStarted-Yocto-PowerColor/GNUmakefile (modif:Tue Jan 15 15:40:32 2013 size:4812)
/Examples/Doc-GettingStarted-Yocto-PowerColor/README.txt (modif:Tue Jan 15 15:40:32 2013 size:5159)
/Examples/Doc-GettingStarted-Yocto-PowerColor/Binary_Linux/armel/demo (modif:Tue Apr  2 12:44:14 2013 size:1011456)
/Examples/Doc-GettingStarted-Yocto-PowerColor/Binary_Linux/armhf/demo (modif:Tue Apr  2 12:50:25 2013 size:929376)
/Examples/Doc-GettingStarted-Yocto-PowerColor/Binary_Linux/32bits/demo (modif:Tue Apr  2 12:39:53 2013 size:949294)
/Examples/Doc-GettingStarted-Yocto-PowerColor/Binary_Linux/64bits/demo (modif:Tue Apr  2 12:39:54 2013 size:1053975)
/Examples/Doc-GettingStarted-Yocto-PowerColor/CodeBlocks/CodeBlocks_linux.cbp (modif:Thu Mar 28 09:51:29 2013 size:9584)
/Examples/Doc-GettingStarted-Yocto-PowerColor/CodeBlocks/CodeBlocks_win.cbp (modif:Thu Mar 28 09:51:29 2013 size:9596)
/Examples/Doc-GettingStarted-Yocto-PowerColor/main.cpp (modif:Tue Jan 15 15:40:32 2013 size:1906)
/Examples/mailbox/make.bat (modif:Thu Feb 21 13:56:52 2013 size:80)
/Examples/mailbox/makefile (modif:Tue Jan 15 15:40:38 2013 size:2485)
/Examples/mailbox/Xcode/project.xcodeproj/project.pbxproj (modif:Thu Mar 28 09:51:31 2013 size:33265)
/Examples/mailbox/Xcode/project.xcodeproj/project.xcworkspace/contents.xcworkspacedata (modif:Tue Jan 15 15:40:37 2013 size:152)
/Examples/mailbox/Binary_OSX/demo (modif:Tue Apr  2 12:44:50 2013 size:800828)
/Examples/mailbox/VisualStudio/VisualStudio.vcxproj (modif:Thu Mar 28 09:51:31 2013 size:8480)
/Examples/mailbox/VisualStudio/VisualStudio.vcxproj.filters (modif:Tue Jan 15 15:40:38 2013 size:7507)
/Examples/mailbox/Binary_Windows/demo.exe (modif:Tue Apr  2 13:04:06 2013 size:357376)
/Examples/mailbox/GNUmakefile (modif:Tue Jan 15 15:40:38 2013 size:4812)
/Examples/mailbox/README.txt (modif:Tue Jan 15 15:40:38 2013 size:5159)
/Examples/mailbox/Binary_Linux/armel/demo (modif:Tue Apr  2 12:44:18 2013 size:1144788)
/Examples/mailbox/Binary_Linux/armhf/demo (modif:Tue Apr  2 12:50:34 2013 size:1028320)
/Examples/mailbox/Binary_Linux/32bits/demo (modif:Tue Apr  2 12:39:55 2013 size:1055790)
/Examples/mailbox/Binary_Linux/64bits/demo (modif:Tue Apr  2 12:39:57 2013 size:1169919)
/Examples/mailbox/CodeBlocks/CodeBlocks_linux.cbp (modif:Thu Mar 28 09:51:31 2013 size:9584)
/Examples/mailbox/CodeBlocks/CodeBlocks_win.cbp (modif:Thu Mar 28 09:51:31 2013 size:9596)
/Examples/mailbox/main.cpp (modif:Tue Jan 15 15:40:38 2013 size:1857)
/Examples/Prog-Display-DrawBitmap/make.bat (modif:Fri Mar 15 07:31:17 2013 size:80)
/Examples/Prog-Display-DrawBitmap/makefile (modif:Fri Mar 15 07:31:17 2013 size:2485)
/Examples/Prog-Display-DrawBitmap/Xcode/project.xcodeproj/project.pbxproj (modif:Thu Mar 28 09:51:30 2013 size:33265)
/Examples/Prog-Display-DrawBitmap/Xcode/project.xcodeproj/project.xcworkspace/contents.xcworkspacedata (modif:Fri Mar 15 07:31:17 2013 size:152)
/Examples/Prog-Display-DrawBitmap/Binary_OSX/demo (modif:Tue Apr  2 12:45:04 2013 size:804136)
/Examples/Prog-Display-DrawBitmap/VisualStudio/VisualStudio.vcxproj (modif:Thu Mar 28 09:51:30 2013 size:8480)
/Examples/Prog-Display-DrawBitmap/Binary_Windows/demo.exe (modif:Tue Apr  2 13:04:46 2013 size:360448)
/Examples/Prog-Display-DrawBitmap/GNUmakefile (modif:Fri Mar 15 07:31:17 2013 size:4812)
/Examples/Prog-Display-DrawBitmap/README.txt (modif:Fri Mar 15 07:31:17 2013 size:5159)
/Examples/Prog-Display-DrawBitmap/Binary_Linux/armel/demo (modif:Tue Apr  2 12:44:23 2013 size:1104901)
/Examples/Prog-Display-DrawBitmap/Binary_Linux/armhf/demo (modif:Tue Apr  2 12:50:44 2013 size:1025204)
/Examples/Prog-Display-DrawBitmap/Binary_Linux/32bits/demo (modif:Tue Apr  2 12:39:58 2013 size:1045222)
/Examples/Prog-Display-DrawBitmap/Binary_Linux/64bits/demo (modif:Tue Apr  2 12:40:00 2013 size:1161077)
/Examples/Prog-Display-DrawBitmap/CodeBlocks/CodeBlocks_linux.cbp (modif:Thu Mar 28 09:51:30 2013 size:9584)
/Examples/Prog-Display-DrawBitmap/CodeBlocks/CodeBlocks_win.cbp (modif:Thu Mar 28 09:51:30 2013 size:9596)
/Examples/Prog-Display-DrawBitmap/main.cpp (modif:Thu Mar 21 18:41:23 2013 size:2776)
/Examples/Doc-GettingStarted-Yocto-MiniDisplay/make.bat (modif:Wed Mar 27 16:05:41 2013 size:80)
/Examples/Doc-GettingStarted-Yocto-MiniDisplay/makefile (modif:Wed Mar 27 16:05:41 2013 size:2485)
/Examples/Doc-GettingStarted-Yocto-MiniDisplay/Xcode/project.xcodeproj/project.pbxproj (modif:Thu Mar 28 09:51:31 2013 size:33265)
/Examples/Doc-GettingStarted-Yocto-MiniDisplay/Xcode/project.xcodeproj/project.xcworkspace/contents.xcworkspacedata (modif:Wed Mar 27 16:05:41 2013 size:152)
/Examples/Doc-GettingStarted-Yocto-MiniDisplay/Binary_OSX/demo (modif:Tue Apr  2 12:45:18 2013 size:793024)
/Examples/Doc-GettingStarted-Yocto-MiniDisplay/VisualStudio/VisualStudio.vcxproj (modif:Thu Mar 28 09:51:31 2013 size:8480)
/Examples/Doc-GettingStarted-Yocto-MiniDisplay/Binary_Windows/demo.exe (modif:Tue Apr  2 13:05:25 2013 size:356352)
/Examples/Doc-GettingStarted-Yocto-MiniDisplay/GNUmakefile (modif:Wed Mar 27 16:05:41 2013 size:4812)
/Examples/Doc-GettingStarted-Yocto-MiniDisplay/README.txt (modif:Wed Mar 27 16:05:41 2013 size:5159)
/Examples/Doc-GettingStarted-Yocto-MiniDisplay/Binary_Linux/armel/demo (modif:Tue Apr  2 12:44:28 2013 size:1085183)
/Examples/Doc-GettingStarted-Yocto-MiniDisplay/Binary_Linux/armhf/demo (modif:Tue Apr  2 12:50:53 2013 size:1005308)
/Examples/Doc-GettingStarted-Yocto-MiniDisplay/Binary_Linux/32bits/demo (modif:Tue Apr  2 12:40:01 2013 size:1025614)
/Examples/Doc-GettingStarted-Yocto-MiniDisplay/Binary_Linux/64bits/demo (modif:Tue Apr  2 12:40:02 2013 size:1138645)
/Examples/Doc-GettingStarted-Yocto-MiniDisplay/CodeBlocks/CodeBlocks_linux.cbp (modif:Thu Mar 28 09:51:31 2013 size:9584)
/Examples/Doc-GettingStarted-Yocto-MiniDisplay/CodeBlocks/CodeBlocks_win.cbp (modif:Thu Mar 28 09:51:31 2013 size:9596)
/Examples/Doc-GettingStarted-Yocto-MiniDisplay/main.cpp (modif:Wed Mar 27 16:05:41 2013 size:2270)
/Examples/Doc-GettingStarted-Yocto-Knob/make.bat (modif:Thu Feb 21 13:56:53 2013 size:80)
/Examples/Doc-GettingStarted-Yocto-Knob/makefile (modif:Tue Jan 15 15:40:47 2013 size:2485)
/Examples/Doc-GettingStarted-Yocto-Knob/Xcode/project.xcodeproj/project.pbxproj (modif:Thu Mar 28 09:51:30 2013 size:33265)
/Examples/Doc-GettingStarted-Yocto-Knob/Xcode/project.xcodeproj/project.xcworkspace/contents.xcworkspacedata (modif:Tue Jan 15 15:40:46 2013 size:152)
/Examples/Doc-GettingStarted-Yocto-Knob/Binary_OSX/demo (modif:Tue Apr  2 12:45:34 2013 size:736696)
/Examples/Doc-GettingStarted-Yocto-Knob/VisualStudio/VisualStudio.vcxproj (modif:Thu Mar 28 09:51:30 2013 size:8480)
/Examples/Doc-GettingStarted-Yocto-Knob/Binary_Windows/demo.exe (modif:Tue Apr  2 13:06:05 2013 size:362496)
/Examples/Doc-GettingStarted-Yocto-Knob/GNUmakefile (modif:Tue Jan 15 15:40:47 2013 size:4812)
/Examples/Doc-GettingStarted-Yocto-Knob/README.txt (modif:Tue Jan 15 15:40:47 2013 size:5159)
/Examples/Doc-GettingStarted-Yocto-Knob/Binary_Linux/armel/demo (modif:Tue Apr  2 12:44:33 2013 size:1015095)
/Examples/Doc-GettingStarted-Yocto-Knob/Binary_Linux/armhf/demo (modif:Tue Apr  2 12:51:02 2013 size:931461)
/Examples/Doc-GettingStarted-Yocto-Knob/Binary_Linux/32bits/demo (modif:Tue Apr  2 12:40:03 2013 size:951523)
/Examples/Doc-GettingStarted-Yocto-Knob/Binary_Linux/64bits/demo (modif:Tue Apr  2 12:40:04 2013 size:1056574)
/Examples/Doc-GettingStarted-Yocto-Knob/CodeBlocks/CodeBlocks_linux.cbp (modif:Thu Mar 28 09:51:30 2013 size:9584)
/Examples/Doc-GettingStarted-Yocto-Knob/CodeBlocks/CodeBlocks_win.cbp (modif:Thu Mar 28 09:51:30 2013 size:9596)
/Examples/Doc-GettingStarted-Yocto-Knob/main.cpp (modif:Tue Jan 15 15:40:47 2013 size:2123)
/Examples/Doc-GettingStarted-Yocto-Volt/make.bat (modif:Thu Feb 21 13:56:53 2013 size:80)
/Examples/Doc-GettingStarted-Yocto-Volt/makefile (modif:Tue Jan 15 15:40:45 2013 size:2485)
/Examples/Doc-GettingStarted-Yocto-Volt/Xcode/project.xcodeproj/project.pbxproj (modif:Thu Mar 28 09:51:31 2013 size:33265)
/Examples/Doc-GettingStarted-Yocto-Volt/Xcode/project.xcodeproj/project.xcworkspace/contents.xcworkspacedata (modif:Tue Jan 15 15:40:44 2013 size:152)
/Examples/Doc-GettingStarted-Yocto-Volt/Binary_OSX/demo (modif:Tue Apr  2 12:45:48 2013 size:732416)
/Examples/Doc-GettingStarted-Yocto-Volt/VisualStudio/VisualStudio.vcxproj (modif:Thu Mar 28 09:51:31 2013 size:8480)
/Examples/Doc-GettingStarted-Yocto-Volt/Binary_Windows/demo.exe (modif:Tue Apr  2 13:06:44 2013 size:363008)
/Examples/Doc-GettingStarted-Yocto-Volt/GNUmakefile (modif:Tue Jan 15 15:40:45 2013 size:4812)
/Examples/Doc-GettingStarted-Yocto-Volt/README.txt (modif:Tue Jan 15 15:40:45 2013 size:5159)
/Examples/Doc-GettingStarted-Yocto-Volt/Binary_Linux/armel/demo (modif:Tue Apr  2 12:44:38 2013 size:1018008)
/Examples/Doc-GettingStarted-Yocto-Volt/Binary_Linux/armhf/demo (modif:Tue Apr  2 12:51:11 2013 size:932958)
/Examples/Doc-GettingStarted-Yocto-Volt/Binary_Linux/32bits/demo (modif:Tue Apr  2 12:40:05 2013 size:952358)
/Examples/Doc-GettingStarted-Yocto-Volt/Binary_Linux/64bits/demo (modif:Tue Apr  2 12:40:06 2013 size:1057311)
/Examples/Doc-GettingStarted-Yocto-Volt/CodeBlocks/CodeBlocks_linux.cbp (modif:Thu Mar 28 09:51:31 2013 size:9584)
/Examples/Doc-GettingStarted-Yocto-Volt/CodeBlocks/CodeBlocks_win.cbp (modif:Thu Mar 28 09:51:31 2013 size:9596)
/Examples/Doc-GettingStarted-Yocto-Volt/main.cpp (modif:Tue Jan 15 15:40:45 2013 size:1926)
/Examples/Prog-ColorMixer/make.bat (modif:Thu Feb 21 13:56:52 2013 size:80)
/Examples/Prog-ColorMixer/makefile (modif:Tue Jan 15 15:40:36 2013 size:2485)
/Examples/Prog-ColorMixer/Xcode/project.xcodeproj/project.pbxproj (modif:Thu Mar 28 09:51:30 2013 size:33265)
/Examples/Prog-ColorMixer/Xcode/project.xcodeproj/project.xcworkspace/contents.xcworkspacedata (modif:Tue Jan 15 15:40:35 2013 size:152)
/Examples/Prog-ColorMixer/Binary_OSX/demo (modif:Tue Apr  2 12:46:01 2013 size:830676)
/Examples/Prog-ColorMixer/VisualStudio/VisualStudio.vcxproj (modif:Thu Mar 28 09:51:30 2013 size:8480)
/Examples/Prog-ColorMixer/Binary_Windows/demo.exe (modif:Tue Apr  2 13:07:23 2013 size:372224)
/Examples/Prog-ColorMixer/GNUmakefile (modif:Tue Jan 15 15:40:36 2013 size:4812)
/Examples/Prog-ColorMixer/README.txt (modif:Tue Jan 15 15:40:36 2013 size:5159)
/Examples/Prog-ColorMixer/Binary_Linux/armel/demo (modif:Tue Apr  2 12:44:44 2013 size:1179539)
/Examples/Prog-ColorMixer/Binary_Linux/armhf/demo (modif:Tue Apr  2 12:51:22 2013 size:1071660)
/Examples/Prog-ColorMixer/Binary_Linux/32bits/demo (modif:Tue Apr  2 12:40:07 2013 size:1098115)
/Examples/Prog-ColorMixer/Binary_Linux/64bits/demo (modif:Tue Apr  2 12:40:08 2013 size:1217676)
/Examples/Prog-ColorMixer/CodeBlocks/CodeBlocks_linux.cbp (modif:Thu Mar 28 09:51:30 2013 size:9584)
/Examples/Prog-ColorMixer/CodeBlocks/CodeBlocks_win.cbp (modif:Thu Mar 28 09:51:30 2013 size:9596)
/Examples/Prog-ColorMixer/main.cpp (modif:Tue Jan 15 15:40:36 2013 size:5829)
/build.bat (modif:Tue Jan 15 15:40:25 2013 size:641)
/README.txt (modif:Tue Jan 15 15:40:25 2013 size:5616)
/build.sh (modif:Tue Jan 15 15:40:25 2013 size:333)
/Documentation/yoctolib-cpp-FR.html (modif:Thu Mar 28 09:51:29 2013 size:585198)
/Documentation/yoctolib-cpp-EN.html (modif:Thu Mar 28 09:51:29 2013 size:505761)
/Documentation/yoctolib-cpp-FR.pdf (modif:Tue Jan 15 15:40:25 2013 size:1525678)
/Documentation/yoctolib-cpp-EN.pdf (modif:Tue Jan 15 15:40:25 2013 size:1461738)
/Binaries/make.bat (modif:Tue Jan 15 15:40:28 2013 size:80)
/Binaries/makefile (modif:Wed Mar 27 16:51:02 2013 size:7551)
/Binaries/linux/armel/libyocto.so.1.0.1 (modif:Tue Apr  2 12:41:57 2013 size:4673676)
/Binaries/linux/armel/libyocto-static.a (modif:Tue Apr  2 12:39:34 2013 size:7327756)
/Binaries/linux/armel/yapi/libyapi.so.1.0.1 (modif:Tue Apr  2 12:41:57 2013 size:358704)
/Binaries/linux/armel/yapi/libyapi-static.a (modif:Tue Apr  2 12:39:34 2013 size:365916)
/Binaries/linux/armhf/libyocto.so.1.0.1 (modif:Tue Apr  2 12:46:18 2013 size:4007272)
/Binaries/linux/armhf/libyocto-static.a (modif:Tue Apr  2 12:41:44 2013 size:7541892)
/Binaries/linux/armhf/yapi/libyapi.so.1.0.1 (modif:Tue Apr  2 12:46:18 2013 size:321518)
/Binaries/linux/armhf/yapi/libyapi-static.a (modif:Tue Apr  2 12:41:44 2013 size:383740)
/Binaries/linux/32bits/libyocto.so.1.0.1 (modif:Tue Apr  2 12:38:05 2013 size:4228345)
/Binaries/linux/32bits/libyocto-static.a (modif:Tue Apr  2 12:37:40 2013 size:6621164)
/Binaries/linux/32bits/yapi/libyapi.so.1.0.1 (modif:Tue Apr  2 12:38:05 2013 size:300164)
/Binaries/linux/32bits/yapi/libyapi-static.a (modif:Tue Apr  2 12:37:40 2013 size:376756)
/Binaries/linux/64bits/libyocto.so.1.0.1 (modif:Tue Apr  2 12:38:58 2013 size:4640454)
/Binaries/linux/64bits/libyocto-static.a (modif:Tue Apr  2 12:38:30 2013 size:9614624)
/Binaries/linux/64bits/yapi/libyapi.so.1.0.1 (modif:Tue Apr  2 12:38:58 2013 size:333412)
/Binaries/linux/64bits/yapi/libyapi-static.a (modif:Tue Apr  2 12:38:30 2013 size:538932)
/Binaries/GNUmakefile (modif:Wed Mar 27 16:51:02 2013 size:13386)
/Binaries/windows/yocto.dll (modif:Tue Apr  2 12:38:41 2013 size:503808)
/Binaries/windows/yocto.exp (modif:Tue Apr  2 12:38:40 2013 size:6096)
/Binaries/windows/yocto-static.lib (modif:Tue Apr  2 12:37:52 2013 size:7545642)
/Binaries/windows/amd64/yocto.dll (modif:Tue Apr  2 12:40:28 2013 size:668160)
/Binaries/windows/amd64/yocto.exp (modif:Tue Apr  2 12:40:24 2013 size:6028)
/Binaries/windows/amd64/yocto-static.lib (modif:Tue Apr  2 12:39:31 2013 size:12264558)
/Binaries/windows/amd64/yocto.lib (modif:Tue Apr  2 12:40:24 2013 size:10488)
/Binaries/windows/yocto.lib (modif:Tue Apr  2 12:38:40 2013 size:10682)
/Binaries/windows/yapi/yapi.dll (modif:Tue Apr  2 12:38:43 2013 size:139776)
/Binaries/windows/yapi/yapi.lib (modif:Tue Apr  2 12:38:42 2013 size:10630)
/Binaries/windows/yapi/amd64/yapi.dll (modif:Tue Apr  2 12:40:31 2013 size:173056)
/Binaries/windows/yapi/amd64/yapi.lib (modif:Tue Apr  2 12:40:29 2013 size:10440)
/Binaries/windows/yapi/amd64/yapi.exp (modif:Tue Apr  2 12:40:29 2013 size:6030)
/Binaries/windows/yapi/amd64/yapi-static.lib (modif:Tue Apr  2 12:40:28 2013 size:255560)
/Binaries/windows/yapi/yapi.exp (modif:Tue Apr  2 12:38:42 2013 size:6098)
/Binaries/windows/yapi/yapi-static.lib (modif:Tue Apr  2 12:38:42 2013 size:184950)
/Binaries/osx/libyocto-static.a (modif:Tue Apr  2 12:37:46 2013 size:5967200)
/Binaries/osx/libyocto.dylib (modif:Tue Apr  2 12:37:50 2013 size:8240)
/Binaries/osx/yapi/libyapi-static.a (modif:Tue Apr  2 12:37:49 2013 size:501896)
/Binaries/osx/yapi/libyapi.dylib (modif:Tue Apr  2 12:37:50 2013 size:236956)
/udev_conf/51-yoctopuce_all.rules (modif:Tue Jan 15 15:40:25 2013 size:128)
/udev_conf/51-yoctopuce_group.rules (modif:Tue Jan 15 15:40:25 2013 size:165)
